2025-11-12T20:23:38 exception: Failed to open "/home/zzy/.config/mpd/mpdstate": No such file or directory
2025-11-12T20:23:38 update: added Cathy 2025(凯茜)/陈婧霏,当山ひとみ - Cathy 2025.flac
2025-11-12T20:23:38 update: added /AURORA - Animal Soul.flac
2025-11-12T20:23:47 exception: Failed to open /home/zzy/.config/mpd/playlists: No such file or directory
2025-11-12T20:24:18 exception: Failed to open /home/zzy/.config/mpd/playlists: No such file or directory
2025-11-12T20:24:19 exception: Failed to open /home/zzy/.config/mpd/playlists: No such file or directory
2025-11-12T20:24:19 exception: Failed to open /home/zzy/.config/mpd/playlists: No such file or directory
2025-11-12T20:24:19 exception: Failed to open /home/zzy/.config/mpd/playlists: No such file or directory
2025-11-12T20:24:19 exception: Failed to open /home/zzy/.config/mpd/playlists: No such file or directory
2025-11-12T20:24:20 exception: Failed to open /home/zzy/.config/mpd/playlists: No such file or directory
2025-11-12T20:24:20 exception: Failed to open /home/zzy/.config/mpd/playlists: No such file or directory
2025-11-12T20:24:23 exception: Failed to open /home/zzy/.config/mpd/playlists: No such file or directory
2025-11-12T20:24:47 exception: Failed to open /home/zzy/.config/mpd/playlists: No such file or directory
2025-11-12T20:24:49 exception: Failed to open /home/zzy/.config/mpd/playlists: No such file or directory
2025-11-12T20:24:49 exception: Failed to open /home/zzy/.config/mpd/playlists: No such file or directory
2025-11-12T20:24:49 exception: Failed to open /home/zzy/.config/mpd/playlists: No such file or directory
2025-11-12T20:24:49 exception: Failed to open /home/zzy/.config/mpd/playlists: No such file or directory
2025-11-12T20:27:46 update: added Animal Soul(游戏《地狱之刃2》原声音乐)/AURORA - Animal Soul.flac
2025-11-12T20:28:02 exception: Failed to open /home/zzy/.config/mpd/playlists: No such file or directory
2025-11-12T20:28:08 exception: Failed to open /home/zzy/.config/mpd/playlists: No such file or directory
2025-11-12T20:28:35 exception: Failed to open /home/zzy/.config/mpd/playlists: No such file or directory
2025-11-12T20:28:36 exception: Failed to open /home/zzy/.config/mpd/playlists: No such file or directory
2025-11-12T20:28:36 exception: Failed to open /home/zzy/.config/mpd/playlists: No such file or directory
2025-11-12T20:28:36 exception: Failed to open /home/zzy/.config/mpd/playlists: No such file or directory
2025-11-12T20:28:47 player: played "Cathy 2025(凯茜)/陈婧霏,当山ひとみ - Cathy 2025.flac"
2025-11-12T20:28:49 exception: Failed to decode "/home/zzy/Music/AURORA - Animal Soul.flac"; Failed to open "/home/zzy/Music/AURORA - Animal Soul.flac": No such file or directory
2025-11-12T20:28:49 player: played "AURORA - Animal Soul.flac"
2025-11-12T20:31:52 player: played "Animal Soul(游戏《地狱之刃2》原声音乐)/AURORA - Animal Soul.flac"
2025-11-13T20:29:33 player: played "Cathy 2025(凯茜)/陈婧霏,当山ひとみ - Cathy 2025.flac"
2025-11-13T20:32:08 player: played "Cathy 2025(凯茜)/陈婧霏,当山ひとみ - Cathy 2025.flac"
2025-11-13T20:37:56 player: played "Cathy 2025(凯茜)/陈婧霏,当山ひとみ - Cathy 2025.flac"
2025-11-13T21:17:32 exception: Failed to decode "/home/zzy/Music/AURORA - Animal Soul.flac"; Failed to open "/home/zzy/Music/AURORA - Animal Soul.flac": No such file or directory
2025-11-13T21:18:06 player: played "Cathy 2025(凯茜)/陈婧霏,当山ひとみ - Cathy 2025.flac"
2025-11-13T21:18:06 player: played "AURORA - Animal Soul.flac"
2025-11-13T21:18:06 exception: Failed to decode "/home/zzy/Music/AURORA - Animal Soul.flac"; Failed to open "/home/zzy/Music/AURORA - Animal Soul.flac": No such file or directory
2025-11-13T21:18:06 player: played "AURORA - Animal Soul.flac"
2025-11-13T21:21:09 player: played "Animal Soul(游戏《地狱之刃2》原声音乐)/AURORA - Animal Soul.flac"
2025-11-14T21:37:04 exception: Failed to decode "/home/zzy/Music/AURORA - Animal Soul.flac"; Failed to open "/home/zzy/Music/AURORA - Animal Soul.flac": No such file or directory
2025-11-14T21:37:04 player: played "AURORA - Animal Soul.flac"
2025-11-14T21:37:04 exception: Failed to decode "/home/zzy/Music/AURORA - Animal Soul.flac"; Failed to open "/home/zzy/Music/AURORA - Animal Soul.flac": No such file or directory
2025-11-14T21:39:09 exception: Failed to open /home/zzy/.config/mpd/playlists: No such file or directory
2025-11-14T22:32:07 player: played "Animal Soul(游戏《地狱之刃2》原声音乐)/AURORA - Animal Soul.flac"
2025-11-14T22:33:05 exception: No such directory
2025-11-14T22:33:05 exception: No such playlist
2025-11-15T08:50:38 player: played "Cathy 2025(凯茜)/陈婧霏,当山ひとみ - Cathy 2025.flac"
2025-11-15T10:15:33 player: played "Cathy 2025(凯茜)/陈婧霏,当山ひとみ - Cathy 2025.flac"
2025-11-15T15:14:25 player: played "Cathy 2025(凯茜)/陈婧霏,当山ひとみ - Cathy 2025.flac"
2025-11-15T15:34:33 player: played "Cathy 2025(凯茜)/陈婧霏,当山ひとみ - Cathy 2025.flac"
2025-11-15T19:13:35 player: played "Cathy 2025(凯茜)/陈婧霏,当山ひとみ - Cathy 2025.flac"
2025-11-15T20:55:33 exception: Failed to open /home/zzy/.config/mpd/playlists: No such file or directory
2025-11-15T21:23:00 player: played "Cathy 2025(凯茜)/陈婧霏,当山ひとみ - Cathy 2025.flac"
2025-11-16T13:55:50 player: played "Cathy 2025(凯茜)/陈婧霏,当山ひとみ - Cathy 2025.flac"
2025-11-16T15:12:29 update: added Lean on Me The Best of Bill Withers/Just the Two of Us.flac
2025-11-16T15:12:49 update: added 独立日/金海心 - 阳光下的星星.flac
2025-11-16T15:13:24 exception: Failed to open /home/zzy/.config/mpd/playlists: No such file or directory
2025-11-16T15:48:29 update: added BLU-SWING 10th ANNIVERSARY BEST/BLU-SWING - Fabulous.flac
2025-11-16T15:48:29 update: added FOR THE HUMANS WHO TAKE LONG WALKS IN THE FOREST/AURORA-Runawy.flac
2025-11-16T15:48:29 update: added Sent/9m88 - 决定不你.flac
2025-11-16T15:48:29 update: added 查理/灯光 - 谢震廷.flac
2025-11-16T15:48:29 update: added 私人电影院/莫非定律乐团 - 私人电影院 (Private Cinema).flac
2025-11-16T15:48:29 update: added 第一千夜晚/ZaZaZsu咂咂苏 - 爱河.flac
2025-11-16T15:48:29 update: added 约会在星期天晚上/莫非定律乐团 - 约会在星期天晚上.flac
2025-11-16T15:50:25 player: played "独立日/金海心 - 阳光下的星星.flac"
2025-11-16T15:50:36 exception: Failed to decode "/home/zzy/Music/AURORA - Animal Soul.flac"; Failed to open "/home/zzy/Music/AURORA - Animal Soul.flac": No such file or directory
2025-11-16T15:50:36 player: played "AURORA - Animal Soul.flac"
2025-11-16T15:51:52 exception: Failed to decode "/home/zzy/Music/AURORA - Animal Soul.flac"; Failed to open "/home/zzy/Music/AURORA - Animal Soul.flac": No such file or directory
2025-11-16T15:51:52 player: played "AURORA - Animal Soul.flac"
2025-11-16T15:51:52 exception: Failed to decode "/home/zzy/Music/AURORA - Animal Soul.flac"; Failed to open "/home/zzy/Music/AURORA - Animal Soul.flac": No such file or directory
2025-11-16T15:52:14 player: played "Animal Soul(游戏《地狱之刃2》原声音乐)/AURORA - Animal Soul.flac"
2025-11-16T15:54:45 update: removing Animal Soul(游戏《地狱之刃2》原声音乐)/AURORA - Animal Soul.flac
2025-11-16T15:55:01 update: added Animal Soul(游戏《地狱之刃2》原声音乐)/AURORA - Animal Soul.flac
2025-11-16T15:55:40 update: removing Cathy 2025(凯茜)/陈婧霏,当山ひとみ - Cathy 2025.flac
2025-11-16T15:56:04 update: added Cathy 2025(凯茜)/陈婧霏,当山ひとみ - Cathy 2025.flac
2025-11-16T16:00:00 exception: Failed to create /home/zzy/.config/mpd/playlists/1.m3u: No such file or directory
2025-11-16T16:00:51 exception: Failed to open /home/zzy/.config/mpd/playlists: No such file or directory
2025-11-16T16:00:57 exception: Failed to open /home/zzy/.config/mpd/playlists: No such file or directory
2025-11-16T16:00:58 exception: Failed to open /home/zzy/.config/mpd/playlists: No such file or directory
2025-11-16T16:00:58 exception: Failed to open /home/zzy/.config/mpd/playlists: No such file or directory
2025-11-16T16:00:58 exception: Failed to open /home/zzy/.config/mpd/playlists: No such file or directory
2025-11-16T16:00:58 exception: Failed to open /home/zzy/.config/mpd/playlists: No such file or directory
2025-11-16T16:00:58 exception: Failed to open /home/zzy/.config/mpd/playlists: No such file or directory
2025-11-16T16:00:59 exception: Failed to open /home/zzy/.config/mpd/playlists: No such file or directory
2025-11-16T16:00:59 exception: Failed to open /home/zzy/.config/mpd/playlists: No such file or directory
2025-11-16T16:00:59 exception: Failed to open /home/zzy/.config/mpd/playlists: No such file or directory
2025-11-16T16:00:59 exception: Failed to open /home/zzy/.config/mpd/playlists: No such file or directory
2025-11-16T16:01:00 exception: Failed to open /home/zzy/.config/mpd/playlists: No such file or directory
2025-11-16T16:01:00 exception: Failed to open /home/zzy/.config/mpd/playlists: No such file or directory
2025-11-16T16:01:00 exception: Failed to open /home/zzy/.config/mpd/playlists: No such file or directory
2025-11-16T16:01:00 exception: Failed to open /home/zzy/.config/mpd/playlists: No such file or directory
2025-11-16T16:01:01 exception: Failed to open /home/zzy/.config/mpd/playlists: No such file or directory
2025-11-16T16:01:01 exception: Failed to open /home/zzy/.config/mpd/playlists: No such file or directory
2025-11-16T16:01:01 exception: Failed to open /home/zzy/.config/mpd/playlists: No such file or directory
2025-11-16T16:01:01 exception: Failed to open /home/zzy/.config/mpd/playlists: No such file or directory
2025-11-16T16:01:02 exception: Failed to open /home/zzy/.config/mpd/playlists: No such file or directory
2025-11-16T16:01:02 exception: Failed to open /home/zzy/.config/mpd/playlists: No such file or directory
2025-11-16T16:01:02 exception: Failed to open /home/zzy/.config/mpd/playlists: No such file or directory
2025-11-16T16:01:02 exception: Failed to open /home/zzy/.config/mpd/playlists: No such file or directory
2025-11-16T16:01:03 exception: Failed to open /home/zzy/.config/mpd/playlists: No such file or directory
2025-11-16T16:01:03 exception: Failed to open /home/zzy/.config/mpd/playlists: No such file or directory
2025-11-16T16:01:03 exception: Failed to open /home/zzy/.config/mpd/playlists: No such file or directory
2025-11-16T16:01:03 exception: Failed to open /home/zzy/.config/mpd/playlists: No such file or directory
2025-11-16T16:01:04 exception: Failed to open /home/zzy/.config/mpd/playlists: No such file or directory
2025-11-16T16:01:04 exception: Failed to open /home/zzy/.config/mpd/playlists: No such file or directory
2025-11-16T16:01:04 exception: Failed to open /home/zzy/.config/mpd/playlists: No such file or directory
2025-11-16T16:01:04 exception: Failed to open /home/zzy/.config/mpd/playlists: No such file or directory
2025-11-16T16:01:05 exception: Failed to open /home/zzy/.config/mpd/playlists: No such file or directory
2025-11-16T16:01:05 exception: Failed to open /home/zzy/.config/mpd/playlists: No such file or directory
2025-11-16T16:01:09 exception: Failed to open /home/zzy/.config/mpd/playlists: No such file or directory
2025-11-16T16:01:09 exception: Failed to open /home/zzy/.config/mpd/playlists: No such file or directory
2025-11-16T16:01:11 exception: Failed to open /home/zzy/.config/mpd/playlists: No such file or directory
2025-11-16T16:01:12 exception: Failed to open /home/zzy/.config/mpd/playlists: No such file or directory
2025-11-16T16:01:12 exception: Failed to open /home/zzy/.config/mpd/playlists: No such file or directory
2025-11-16T16:01:12 exception: Failed to open /home/zzy/.config/mpd/playlists: No such file or directory
2025-11-16T16:01:12 exception: Failed to open /home/zzy/.config/mpd/playlists: No such file or directory
2025-11-16T16:01:13 exception: Failed to open /home/zzy/.config/mpd/playlists: No such file or directory
2025-11-16T16:01:13 exception: Failed to open /home/zzy/.config/mpd/playlists: No such file or directory
2025-11-16T16:01:13 exception: Failed to open /home/zzy/.config/mpd/playlists: No such file or directory
2025-11-16T16:01:13 exception: Failed to open /home/zzy/.config/mpd/playlists: No such file or directory
2025-11-16T16:01:14 exception: Failed to open /home/zzy/.config/mpd/playlists: No such file or directory
2025-11-16T16:01:14 exception: Failed to open /home/zzy/.config/mpd/playlists: No such file or directory
2025-11-16T16:01:14 exception: Failed to open /home/zzy/.config/mpd/playlists: No such file or directory
2025-11-16T16:01:14 exception: Failed to open /home/zzy/.config/mpd/playlists: No such file or directory
2025-11-16T16:01:15 exception: Failed to open /home/zzy/.config/mpd/playlists: No such file or directory
2025-11-16T16:01:15 exception: Failed to open /home/zzy/.config/mpd/playlists: No such file or directory
2025-11-16T16:01:15 exception: Failed to open /home/zzy/.config/mpd/playlists: No such file or directory
2025-11-16T16:01:15 exception: Failed to open /home/zzy/.config/mpd/playlists: No such file or directory
2025-11-16T16:01:16 exception: Failed to open /home/zzy/.config/mpd/playlists: No such file or directory
2025-11-16T16:01:16 exception: Failed to open /home/zzy/.config/mpd/playlists: No such file or directory
2025-11-16T16:01:16 exception: Failed to open /home/zzy/.config/mpd/playlists: No such file or directory
2025-11-16T16:01:16 exception: Failed to open /home/zzy/.config/mpd/playlists: No such file or directory
2025-11-16T16:01:17 exception: Failed to open /home/zzy/.config/mpd/playlists: No such file or directory
2025-11-16T16:01:17 exception: Failed to open /home/zzy/.config/mpd/playlists: No such file or directory
2025-11-16T16:01:17 exception: Failed to open /home/zzy/.config/mpd/playlists: No such file or directory
2025-11-16T16:01:17 exception: Failed to open /home/zzy/.config/mpd/playlists: No such file or directory
2025-11-16T16:01:18 exception: Failed to open /home/zzy/.config/mpd/playlists: No such file or directory
2025-11-16T16:01:18 exception: Failed to open /home/zzy/.config/mpd/playlists: No such file or directory
2025-11-16T16:01:18 exception: Failed to open /home/zzy/.config/mpd/playlists: No such file or directory
2025-11-16T16:01:18 exception: Failed to open /home/zzy/.config/mpd/playlists: No such file or directory
2025-11-16T16:01:19 exception: Failed to open /home/zzy/.config/mpd/playlists: No such file or directory
2025-11-16T16:01:19 exception: Failed to open /home/zzy/.config/mpd/playlists: No such file or directory
2025-11-16T16:01:19 exception: Failed to open /home/zzy/.config/mpd/playlists: No such file or directory
2025-11-16T16:01:19 exception: Failed to open /home/zzy/.config/mpd/playlists: No such file or directory
2025-11-16T16:01:20 exception: Failed to open /home/zzy/.config/mpd/playlists: No such file or directory
2025-11-16T16:01:20 exception: Failed to open /home/zzy/.config/mpd/playlists: No such file or directory
2025-11-16T16:01:20 exception: Failed to open /home/zzy/.config/mpd/playlists: No such file or directory
2025-11-16T16:01:20 exception: Failed to open /home/zzy/.config/mpd/playlists: No such file or directory
2025-11-16T16:01:21 exception: Failed to open /home/zzy/.config/mpd/playlists: No such file or directory
2025-11-16T16:01:21 exception: Failed to open /home/zzy/.config/mpd/playlists: No such file or directory
2025-11-16T16:01:21 exception: Failed to open /home/zzy/.config/mpd/playlists: No such file or directory
2025-11-16T16:01:21 exception: Failed to open /home/zzy/.config/mpd/playlists: No such file or directory
2025-11-16T16:01:22 exception: Failed to open /home/zzy/.config/mpd/playlists: No such file or directory
2025-11-16T16:01:22 exception: Failed to open /home/zzy/.config/mpd/playlists: No such file or directory
2025-11-16T16:01:22 exception: Failed to open /home/zzy/.config/mpd/playlists: No such file or directory
2025-11-16T16:01:22 exception: Failed to open /home/zzy/.config/mpd/playlists: No such file or directory
2025-11-16T16:01:23 exception: Failed to open /home/zzy/.config/mpd/playlists: No such file or directory
2025-11-16T16:01:23 exception: Failed to open /home/zzy/.config/mpd/playlists: No such file or directory
2025-11-16T16:01:23 exception: Failed to open /home/zzy/.config/mpd/playlists: No such file or directory
2025-11-16T16:01:23 exception: Failed to open /home/zzy/.config/mpd/playlists: No such file or directory
2025-11-16T16:01:24 exception: Failed to open /home/zzy/.config/mpd/playlists: No such file or directory
2025-11-16T16:01:24 exception: Failed to open /home/zzy/.config/mpd/playlists: No such file or directory
2025-11-16T16:01:24 exception: Failed to open /home/zzy/.config/mpd/playlists: No such file or directory
2025-11-16T16:01:24 exception: Failed to open /home/zzy/.config/mpd/playlists: No such file or directory
2025-11-16T16:01:25 exception: Failed to open /home/zzy/.config/mpd/playlists: No such file or directory
2025-11-16T16:01:25 exception: Failed to open /home/zzy/.config/mpd/playlists: No such file or directory
2025-11-16T16:01:25 exception: Failed to open /home/zzy/.config/mpd/playlists: No such file or directory
2025-11-16T16:01:25 exception: Failed to open /home/zzy/.config/mpd/playlists: No such file or directory
2025-11-16T16:01:26 exception: Failed to open /home/zzy/.config/mpd/playlists: No such file or directory
2025-11-16T16:01:26 exception: Failed to open /home/zzy/.config/mpd/playlists: No such file or directory
2025-11-16T16:01:26 exception: Failed to open /home/zzy/.config/mpd/playlists: No such file or directory
2025-11-16T16:01:26 exception: Failed to open /home/zzy/.config/mpd/playlists: No such file or directory
2025-11-16T16:01:27 exception: Failed to open /home/zzy/.config/mpd/playlists: No such file or directory
2025-11-16T16:01:27 player: played "Animal Soul(游戏《地狱之刃2》原声音乐)/AURORA - Animal Soul.flac"
2025-11-16T16:01:28 exception: Failed to open /home/zzy/.config/mpd/playlists: No such file or directory
2025-11-16T16:01:28 exception: Failed to open /home/zzy/.config/mpd/playlists: No such file or directory
2025-11-16T16:01:28 exception: Failed to open /home/zzy/.config/mpd/playlists: No such file or directory
2025-11-16T16:01:28 exception: Failed to open /home/zzy/.config/mpd/playlists: No such file or directory
2025-11-16T16:01:28 exception: Failed to open /home/zzy/.config/mpd/playlists: No such file or directory
2025-11-16T16:01:29 exception: Failed to open /home/zzy/.config/mpd/playlists: No such file or directory
2025-11-16T16:01:29 exception: Failed to open /home/zzy/.config/mpd/playlists: No such file or directory
2025-11-16T16:01:29 exception: Failed to open /home/zzy/.config/mpd/playlists: No such file or directory
2025-11-16T16:01:29 exception: Failed to open /home/zzy/.config/mpd/playlists: No such file or directory
2025-11-16T16:01:30 exception: Failed to open /home/zzy/.config/mpd/playlists: No such file or directory
2025-11-16T16:01:30 exception: Failed to open /home/zzy/.config/mpd/playlists: No such file or directory
2025-11-16T16:01:30 exception: Failed to open /home/zzy/.config/mpd/playlists: No such file or directory
2025-11-16T16:01:30 exception: Failed to open /home/zzy/.config/mpd/playlists: No such file or directory
2025-11-16T16:01:31 exception: Failed to open /home/zzy/.config/mpd/playlists: No such file or directory
2025-11-16T16:01:31 exception: Failed to open /home/zzy/.config/mpd/playlists: No such file or directory
2025-11-16T16:01:31 exception: Failed to open /home/zzy/.config/mpd/playlists: No such file or directory
2025-11-16T16:01:31 exception: Failed to open /home/zzy/.config/mpd/playlists: No such file or directory
2025-11-16T16:01:32 exception: Failed to open /home/zzy/.config/mpd/playlists: No such file or directory
2025-11-16T16:01:32 exception: Failed to open /home/zzy/.config/mpd/playlists: No such file or directory
2025-11-16T16:01:32 exception: Failed to open /home/zzy/.config/mpd/playlists: No such file or directory
2025-11-16T16:01:32 exception: Failed to open /home/zzy/.config/mpd/playlists: No such file or directory
2025-11-16T16:01:33 exception: Failed to open /home/zzy/.config/mpd/playlists: No such file or directory
2025-11-16T16:01:33 exception: Failed to open /home/zzy/.config/mpd/playlists: No such file or directory
2025-11-16T16:01:33 exception: Failed to open /home/zzy/.config/mpd/playlists: No such file or directory
2025-11-16T16:01:33 exception: Failed to open /home/zzy/.config/mpd/playlists: No such file or directory
2025-11-16T16:01:34 exception: Failed to open /home/zzy/.config/mpd/playlists: No such file or directory
2025-11-16T16:01:34 exception: Failed to open /home/zzy/.config/mpd/playlists: No such file or directory
2025-11-16T16:01:34 exception: Failed to open /home/zzy/.config/mpd/playlists: No such file or directory
2025-11-16T16:01:34 exception: Failed to open /home/zzy/.config/mpd/playlists: No such file or directory
2025-11-16T16:01:35 exception: Failed to open /home/zzy/.config/mpd/playlists: No such file or directory
2025-11-16T16:01:35 exception: Failed to open /home/zzy/.config/mpd/playlists: No such file or directory
2025-11-16T16:01:35 exception: Failed to open /home/zzy/.config/mpd/playlists: No such file or directory
2025-11-16T16:01:35 exception: Failed to open /home/zzy/.config/mpd/playlists: No such file or directory
2025-11-16T16:01:36 exception: Failed to open /home/zzy/.config/mpd/playlists: No such file or directory
2025-11-16T16:01:36 exception: Failed to open /home/zzy/.config/mpd/playlists: No such file or directory
2025-11-16T16:01:36 exception: Failed to open /home/zzy/.config/mpd/playlists: No such file or directory
2025-11-16T16:01:36 exception: Failed to open /home/zzy/.config/mpd/playlists: No such file or directory
2025-11-16T16:01:37 exception: Failed to open /home/zzy/.config/mpd/playlists: No such file or directory
2025-11-16T16:01:37 exception: Failed to open /home/zzy/.config/mpd/playlists: No such file or directory
2025-11-16T16:01:37 exception: Failed to open /home/zzy/.config/mpd/playlists: No such file or directory
2025-11-16T16:01:37 exception: Failed to open /home/zzy/.config/mpd/playlists: No such file or directory
2025-11-16T16:01:38 exception: Failed to open /home/zzy/.config/mpd/playlists: No such file or directory
2025-11-16T16:01:38 exception: Failed to open /home/zzy/.config/mpd/playlists: No such file or directory
2025-11-16T16:01:38 exception: Failed to open /home/zzy/.config/mpd/playlists: No such file or directory
2025-11-16T16:01:38 exception: Failed to open /home/zzy/.config/mpd/playlists: No such file or directory
2025-11-16T16:01:39 exception: Failed to open /home/zzy/.config/mpd/playlists: No such file or directory
2025-11-16T16:01:39 exception: Failed to open /home/zzy/.config/mpd/playlists: No such file or directory
2025-11-16T16:01:39 exception: Failed to open /home/zzy/.config/mpd/playlists: No such file or directory
2025-11-16T16:01:39 exception: Failed to open /home/zzy/.config/mpd/playlists: No such file or directory
2025-11-16T16:01:40 exception: Failed to open /home/zzy/.config/mpd/playlists: No such file or directory
2025-11-16T16:01:40 exception: Failed to open /home/zzy/.config/mpd/playlists: No such file or directory
2025-11-16T16:01:40 exception: Failed to open /home/zzy/.config/mpd/playlists: No such file or directory
2025-11-16T16:01:40 exception: Failed to open /home/zzy/.config/mpd/playlists: No such file or directory
2025-11-16T16:01:41 exception: Failed to open /home/zzy/.config/mpd/playlists: No such file or directory
2025-11-16T16:01:41 exception: Failed to open /home/zzy/.config/mpd/playlists: No such file or directory
2025-11-16T16:01:41 exception: Failed to open /home/zzy/.config/mpd/playlists: No such file or directory
2025-11-16T16:01:41 exception: Failed to open /home/zzy/.config/mpd/playlists: No such file or directory
2025-11-16T16:01:42 exception: Failed to open /home/zzy/.config/mpd/playlists: No such file or directory
2025-11-16T16:01:42 exception: Failed to open /home/zzy/.config/mpd/playlists: No such file or directory
2025-11-16T16:01:42 exception: Failed to open /home/zzy/.config/mpd/playlists: No such file or directory
2025-11-16T16:01:42 exception: Failed to open /home/zzy/.config/mpd/playlists: No such file or directory
2025-11-16T16:01:43 exception: Failed to open /home/zzy/.config/mpd/playlists: No such file or directory
2025-11-16T16:01:43 exception: Failed to open /home/zzy/.config/mpd/playlists: No such file or directory
2025-11-16T16:01:43 exception: Failed to open /home/zzy/.config/mpd/playlists: No such file or directory
2025-11-16T16:01:43 exception: Failed to open /home/zzy/.config/mpd/playlists: No such file or directory
2025-11-16T16:01:44 exception: Failed to open /home/zzy/.config/mpd/playlists: No such file or directory
2025-11-16T16:01:44 exception: Failed to open /home/zzy/.config/mpd/playlists: No such file or directory
2025-11-16T16:01:44 exception: Failed to open /home/zzy/.config/mpd/playlists: No such file or directory
2025-11-16T16:01:44 exception: Failed to open /home/zzy/.config/mpd/playlists: No such file or directory
2025-11-16T16:01:45 exception: Failed to open /home/zzy/.config/mpd/playlists: No such file or directory
2025-11-16T16:01:45 exception: Failed to open /home/zzy/.config/mpd/playlists: No such file or directory
2025-11-16T16:01:45 exception: Failed to open /home/zzy/.config/mpd/playlists: No such file or directory
2025-11-16T16:01:45 exception: Failed to open /home/zzy/.config/mpd/playlists: No such file or directory
2025-11-16T16:01:46 exception: Failed to open /home/zzy/.config/mpd/playlists: No such file or directory
2025-11-16T16:01:46 exception: Failed to open /home/zzy/.config/mpd/playlists: No such file or directory
2025-11-16T16:01:46 exception: Failed to open /home/zzy/.config/mpd/playlists: No such file or directory
2025-11-16T16:01:46 exception: Failed to open /home/zzy/.config/mpd/playlists: No such file or directory
2025-11-16T16:01:47 exception: Failed to open /home/zzy/.config/mpd/playlists: No such file or directory
2025-11-16T16:01:47 exception: Failed to open /home/zzy/.config/mpd/playlists: No such file or directory
2025-11-16T16:01:47 exception: Failed to open /home/zzy/.config/mpd/playlists: No such file or directory
2025-11-16T16:01:47 exception: Failed to open /home/zzy/.config/mpd/playlists: No such file or directory
2025-11-16T16:01:48 exception: Failed to open /home/zzy/.config/mpd/playlists: No such file or directory
2025-11-16T16:01:48 exception: Failed to open /home/zzy/.config/mpd/playlists: No such file or directory
2025-11-16T16:01:48 exception: Failed to open /home/zzy/.config/mpd/playlists: No such file or directory
2025-11-16T16:01:48 exception: Failed to open /home/zzy/.config/mpd/playlists: No such file or directory
2025-11-16T16:01:49 exception: Failed to open /home/zzy/.config/mpd/playlists: No such file or directory
2025-11-16T16:01:49 exception: Failed to open /home/zzy/.config/mpd/playlists: No such file or directory
2025-11-16T16:01:49 exception: Failed to open /home/zzy/.config/mpd/playlists: No such file or directory
2025-11-16T16:01:49 exception: Failed to open /home/zzy/.config/mpd/playlists: No such file or directory
2025-11-16T16:01:50 exception: Failed to open /home/zzy/.config/mpd/playlists: No such file or directory
2025-11-16T16:01:50 exception: Failed to open /home/zzy/.config/mpd/playlists: No such file or directory
2025-11-16T16:01:50 exception: Failed to open /home/zzy/.config/mpd/playlists: No such file or directory
2025-11-16T16:01:50 exception: Failed to open /home/zzy/.config/mpd/playlists: No such file or directory
2025-11-16T16:01:51 exception: Failed to open /home/zzy/.config/mpd/playlists: No such file or directory
2025-11-16T16:01:51 exception: Failed to open /home/zzy/.config/mpd/playlists: No such file or directory
2025-11-16T16:01:51 exception: Failed to open /home/zzy/.config/mpd/playlists: No such file or directory
2025-11-16T16:01:51 exception: Failed to open /home/zzy/.config/mpd/playlists: No such file or directory
2025-11-16T16:01:52 exception: Failed to open /home/zzy/.config/mpd/playlists: No such file or directory
2025-11-16T16:01:52 exception: Failed to open /home/zzy/.config/mpd/playlists: No such file or directory
2025-11-16T16:01:52 exception: Failed to open /home/zzy/.config/mpd/playlists: No such file or directory
2025-11-16T16:01:52 exception: Failed to open /home/zzy/.config/mpd/playlists: No such file or directory
2025-11-16T16:01:53 exception: Failed to open /home/zzy/.config/mpd/playlists: No such file or directory
2025-11-16T16:01:53 exception: Failed to open /home/zzy/.config/mpd/playlists: No such file or directory
2025-11-16T16:01:53 exception: Failed to open /home/zzy/.config/mpd/playlists: No such file or directory
2025-11-16T16:01:53 exception: Failed to open /home/zzy/.config/mpd/playlists: No such file or directory
2025-11-16T16:01:54 exception: Failed to open /home/zzy/.config/mpd/playlists: No such file or directory
2025-11-16T16:01:54 exception: Failed to open /home/zzy/.config/mpd/playlists: No such file or directory
2025-11-16T16:01:54 exception: Failed to open /home/zzy/.config/mpd/playlists: No such file or directory
2025-11-16T16:01:54 exception: Failed to open /home/zzy/.config/mpd/playlists: No such file or directory
2025-11-16T16:01:55 exception: Failed to open /home/zzy/.config/mpd/playlists: No such file or directory
2025-11-16T16:01:55 exception: Failed to open /home/zzy/.config/mpd/playlists: No such file or directory
2025-11-16T16:01:55 exception: Failed to open /home/zzy/.config/mpd/playlists: No such file or directory
2025-11-16T16:01:56 exception: Failed to open /home/zzy/.config/mpd/playlists: No such file or directory
2025-11-16T16:01:56 exception: Failed to open /home/zzy/.config/mpd/playlists: No such file or directory
2025-11-16T16:01:56 exception: Failed to open /home/zzy/.config/mpd/playlists: No such file or directory
2025-11-16T16:01:56 exception: Failed to open /home/zzy/.config/mpd/playlists: No such file or directory
2025-11-16T16:01:57 exception: Failed to open /home/zzy/.config/mpd/playlists: No such file or directory
2025-11-16T16:01:57 exception: Failed to open /home/zzy/.config/mpd/playlists: No such file or directory
2025-11-16T16:01:57 exception: Failed to open /home/zzy/.config/mpd/playlists: No such file or directory
2025-11-16T16:01:57 exception: Failed to open /home/zzy/.config/mpd/playlists: No such file or directory
2025-11-16T16:01:58 exception: Failed to open /home/zzy/.config/mpd/playlists: No such file or directory
2025-11-16T16:01:58 exception: Failed to open /home/zzy/.config/mpd/playlists: No such file or directory
2025-11-16T16:01:58 exception: Failed to open /home/zzy/.config/mpd/playlists: No such file or directory
2025-11-16T16:01:58 exception: Failed to open /home/zzy/.config/mpd/playlists: No such file or directory
2025-11-16T16:01:59 exception: Failed to open /home/zzy/.config/mpd/playlists: No such file or directory
2025-11-16T16:01:59 exception: Failed to open /home/zzy/.config/mpd/playlists: No such file or directory
2025-11-16T16:01:59 exception: Failed to open /home/zzy/.config/mpd/playlists: No such file or directory
2025-11-16T16:04:44 player: played "第一千夜晚/ZaZaZsu咂咂苏 - 爱河.flac"
2025-11-16T16:08:46 player: played "Sent/9m88 - 决定不你.flac"
2025-11-16T16:10:00 player: played "BLU-SWING 10th ANNIVERSARY BEST/BLU-SWING - Fabulous.flac"
2025-11-16T16:16:37 player: played "BLU-SWING 10th ANNIVERSARY BEST/BLU-SWING - Fabulous.flac"
2025-11-16T16:17:41 inotify: music directory was removed - cannot continue to watch it
2025-11-16T16:18:25 inotify: music directory was removed - cannot continue to watch it
2025-11-16T18:49:54 player: played "FOR THE HUMANS WHO TAKE LONG WALKS IN THE FOREST/AURORA-Runawy.flac"
2025-11-16T19:23:40 player: played "FOR THE HUMANS WHO TAKE LONG WALKS IN THE FOREST/AURORA-Runawy.flac"
2025-11-16T19:27:41 player: played "私人电影院/莫非定律乐团 - 私人电影院 (Private Cinema).flac"
2025-11-16T19:31:20 player: played "约会在星期天晚上/莫非定律乐团 - 约会在星期天晚上.flac"
2025-11-16T19:35:17 player: played "Lean on Me The Best of Bill Withers/Just the Two of Us.flac"
2025-11-16T19:39:48 flac: FLAC__STREAM_DECODER_ERROR_STATUS_LOST_SYNC
2025-11-16T19:40:09 player: played "查理/灯光 - 谢震廷.flac"
2025-11-16T19:44:13 flac: FLAC__STREAM_DECODER_ERROR_STATUS_LOST_SYNC
2025-11-16T19:44:53 player: played "独立日/金海心 - 阳光下的星星.flac"
2025-11-16T19:49:48 player: played "Cathy 2025(凯茜)/陈婧霏,当山ひとみ - Cathy 2025.flac"
2025-11-20T08:01:54 player: played "Animal Soul(游戏《地狱之刃2》原声音乐)/AURORA - Animal Soul.flac"
2025-11-20T08:04:03 player: played "Animal Soul(游戏《地狱之刃2》原声音乐)/AURORA - Animal Soul.flac"
2025-11-20T19:02:30 player: played "Animal Soul(游戏《地狱之刃2》原声音乐)/AURORA - Animal Soul.flac"
2025-11-20T19:05:47 player: played "第一千夜晚/ZaZaZsu咂咂苏 - 爱河.flac"
2025-11-20T19:09:49 player: played "Sent/9m88 - 决定不你.flac"
2025-11-20T19:14:01 player: played "BLU-SWING 10th ANNIVERSARY BEST/BLU-SWING - Fabulous.flac"
2025-11-20T19:18:12 player: played "FOR THE HUMANS WHO TAKE LONG WALKS IN THE FOREST/AURORA-Runawy.flac"
2025-11-20T19:22:13 player: played "私人电影院/莫非定律乐团 - 私人电影院 (Private Cinema).flac"
2025-11-20T19:25:52 player: played "约会在星期天晚上/莫非定律乐团 - 约会在星期天晚上.flac"
2025-11-20T19:29:49 player: played "Lean on Me The Best of Bill Withers/Just the Two of Us.flac"
2025-11-20T19:39:12 player: played "查理/灯光 - 谢震廷.flac"
2025-11-20T20:50:08 player: played "查理/灯光 - 谢震廷.flac"
2025-11-20T20:55:05 player: played "查理/灯光 - 谢震廷.flac"
2025-11-20T20:59:56 flac: FLAC__STREAM_DECODER_ERROR_STATUS_LOST_SYNC
2025-11-20T21:00:17 player: played "查理/灯光 - 谢震廷.flac"
2025-11-20T21:04:16 flac: FLAC__STREAM_DECODER_ERROR_STATUS_LOST_SYNC
2025-11-20T21:05:00 player: played "独立日/金海心 - 阳光下的星星.flac"
2025-11-20T21:09:56 player: played "Cathy 2025(凯茜)/陈婧霏,当山ひとみ - Cathy 2025.flac"
2025-11-21T18:36:31 player: played "Animal Soul(游戏《地狱之刃2》原声音乐)/AURORA - Animal Soul.flac"
2025-11-21T18:39:49 player: played "第一千夜晚/ZaZaZsu咂咂苏 - 爱河.flac"
2025-11-21T18:43:51 player: played "Sent/9m88 - 决定不你.flac"
2025-11-21T18:48:03 player: played "BLU-SWING 10th ANNIVERSARY BEST/BLU-SWING - Fabulous.flac"
2025-11-21T18:52:14 player: played "FOR THE HUMANS WHO TAKE LONG WALKS IN THE FOREST/AURORA-Runawy.flac"
